<?xml version="1.0" encoding="UTF-8"?>
<testsuite name="com.sieve.filter.service.NotificationClassifierTest" tests="10" skipped="0" failures="0" errors="0" timestamp="2026-09-04T04:22:11" hostname="ARUSH-SENGAR" time="0.117">
  <properties/>
  <testcase name="testPackageScopedRule_OverridesGlobalBehavior" classname="com.sieve.filter.service.NotificationClassifierTest" time="0.091"/>
  <testcase name="testOtpNotification_WithCashbackPromo_IsPreserved" classname="com.sieve.filter.service.NotificationClassifierTest" time="0.001"/>
  <testcase name="testOngoingNotification_NeverDismissed" classname="com.sieve.filter.service.NotificationClassifierTest" time="0.001"/>
  <testcase name="testAllowKeyword_HasPrecedenceOverBlockKeyword" classname="com.sieve.filter.service.NotificationClassifierTest" time="0.001"/>
  <testcase name="testAppRuleAlwaysAllow_BypassesSpamKeywords" classname="com.sieve.filter.service.NotificationClassifierTest" time="0.001"/>
  <testcase name="testAppRuleAlwaysBlock_DismissesEvenWithoutKeywords" classname="com.sieve.filter.service.NotificationClassifierTest" time="0.001"/>
  <testcase name="testChannelHeuristic_DismissesPromotionalChannel" classname="com.sieve.filter.service.NotificationClassifierTest" time="0.012"/>
  <testcase name="testChannelHeuristic_ImportantChannelProtected" classname="com.sieve.filter.service.NotificationClassifierTest" time="0.0"/>
  <testcase name="testSpamKeyword_DismissesNotification" classname="com.sieve.filter.service.NotificationClassifierTest" time="0.001"/>
  <testcase name="testCaseInsensitivityAndWhitespace" classname="com.sieve.filter.service.NotificationClassifierTest" time="0.002"/>
  <system-out><![CDATA[]]></system-out>
  <system-err><![CDATA[]]></system-err>
</testsuite>
